<?xml version="1.0" encoding="UTF-8"?>
<testsuite xmlns:xsi="http://www.w3.org/2001/XMLSchema-instance" xsi:noNamespaceSchemaLocation="https://maven.apache.org/surefire/maven-surefire-plugin/xsd/surefire-test-report.xsd" name="com.evvanErb.minesweeper.model.board.BoardTest" time="0.023" tests="14" errors="0" skipped="0" failures="0">
  <properties>
[...]
</properties>
  <testcase name="testGenerateRandomCoordsNoDupsNull" classname="com.evvanErb.minesweeper.model.board.BoardTest" time="0"/>
  <testcase name="testGenerateMinePositionsSmallSizes" classname="com.evvanErb.minesweeper.model.board.BoardTest" time="0"/>
  <testcase name="testGenerateMinePositions" classname="com.evvanErb.minesweeper.model.board.BoardTest" time="0"/>
  <testcase name="testGenerateBoardInOrder" classname="com.evvanErb.minesweeper.model.board.BoardTest" time="0"/>
  <testcase name="testIsMineNegativeCases" classname="com.evvanErb.minesweeper.model.board.BoardTest" time="0"/>
  <testcase name="testNumAdjacentMinesNull" classname="com.evvanErb.minesweeper.model.board.BoardTest" time="0"/>
  <testcase name="testNumAdjacentMinesZero" classname="com.evvanErb.minesweeper.model.board.BoardTest" time="0"/>
  <testcase name="testGenerateBoard" classname="com.evvanErb.minesweeper.model.board.BoardTest" time="0.001"/>
  <testcase name="testGenerateBoardSizeOutOfBounds" classname="com.evvanErb.minesweeper.model.board.BoardTest" time="0.019"/>
  <testcase name="testGenerateRandomCoordsNoDupsNotPossible" classname="com.evvanErb.minesweeper.model.board.BoardTest" time="0.001"/>
  <testcase name="testNumAdjacentMinesNonZero" classname="com.evvanErb.minesweeper.model.board.BoardTest" time="0"/>
  <testcase name="testGenerateRandomCoordsNoDups" classname="com.evvanErb.minesweeper.model.board.BoardTest" time="0"/>
  <testcase name="testIsMine" classname="com.evvanErb.minesweeper.model.board.BoardTest" time="0.001"/>
  <testcase name="testNumAdjacentMinesBadMine" classname="com.evvanErb.minesweeper.model.board.BoardTest" time="0"/>
</testsuite>